[     109ms] [INFO] %cDownload the React DevTools for a better development experience: https://react.dev/link/react-devtools font-weight:bold @ http://localhost:5173/node_modules/.vite/deps/react-dom_client.js?v=a5016b5a:14336
[  406530ms] [ERROR] React has detected a change in the order of Hooks called by %s. This will lead to bugs and errors if not fixed. For more information, read the Rules of Hooks: https://react.dev/link/rules-of-hooks

   Previous render            Next render
   ------------------------------------------------------
%s   ^^^^^^^^^^^^^^^^^^^^^^^^^^^^^^^^^^^^^^^^^^^^^^^^^^^^^^
 App 1. useState                   useState
2. useState                   useState
3. useState                   useState
4. useRef                     useState
 @ http://localhost:5173/@vite/client:509
[  406536ms] Error: Should have a queue. You are likely calling Hooks conditionally, which is not allowed. (https://react.dev/link/invalid-hook-call)
    at updateReducerImpl (http://localhost:5173/node_modules/.vite/deps/react-dom_client.js?v=a5016b5a:4421:30)
    at updateReducer (http://localhost:5173/node_modules/.vite/deps/react-dom_client.js?v=a5016b5a:4417:11)
    at Object.useState (http://localhost:5173/node_modules/.vite/deps/react-dom_client.js?v=a5016b5a:13302:13)
    at exports.useState (http://localhost:5173/node_modules/.vite/deps/react-DW0Z4HR0.js?v=f49229a8:750:31)
    at useSession (http://localhost:5173/src/hooks/useSession.ts?t=1777908492484:14:40)
    at App (http://localhost:5173/src/App.tsx?t=1777908492484:11:53)
    at Object.react_stack_bottom_frame (http://localhost:5173/node_modules/.vite/deps/react-dom_client.js?v=a5016b5a:12867:12)
    at renderWithHooks (http://localhost:5173/node_modules/.vite/deps/react-dom_client.js?v=a5016b5a:4212:19)
    at updateFunctionComponent (http://localhost:5173/node_modules/.vite/deps/react-dom_client.js?v=a5016b5a:5568:16)
    at beginWork (http://localhost:5173/node_modules/.vite/deps/react-dom_client.js?v=a5016b5a:6139:20)
[  406533ms] [WARNING] %s

%s
 An error occurred in the <App> component. Consider adding an error boundary to your tree to customize error handling behavior.
Visit https://react.dev/link/error-boundaries to learn more about error boundaries. @ http://localhost:5173/@vite/client:509
[  503510ms] [LOG] [vite] server connection lost. Polling for restart... @ http://localhost:5173/@vite/client:968
[  513951ms] [INFO] %cDownload the React DevTools for a better development experience: https://react.dev/link/react-devtools font-weight:bold @ http://localhost:5173/node_modules/.vite/deps/react-dom_client.js?v=a52c42cc:14336
